0 info it worked if it ends with ok
1 verbose cli [ '/usr/local/Cellar/node/5.5.0/bin/node',
1 verbose cli   '/usr/local/bin/npm',
1 verbose cli   'install',
1 verbose cli   'node-inspector',
1 verbose cli   '—save-dev' ]
2 info using npm@3.5.3
3 info using node@v5.5.0
4 silly loadCurrentTree Starting
5 silly install loadCurrentTree
6 silly install readLocalPackageData
7 silly fetchPackageMetaData node-inspector
8 silly fetchPackageMetaData —save-dev
9 silly fetchNamedPackageData node-inspector
10 silly mapToRegistry name node-inspector
11 silly mapToRegistry using default registry
12 silly mapToRegistry registry https://registry.npmjs.org/
13 silly mapToRegistry uri https://registry.npmjs.org/node-inspector
14 silly fetchOtherPackageData —save-dev
15 silly cache add args [ '—save-dev', null ]
16 verbose cache add spec —save-dev
17 verbose request uri https://registry.npmjs.org/node-inspector
18 verbose request no auth needed
19 info attempt registry request try #1 at 11:47:06 AM
20 verbose request id f81d1085a3854ea6
21 http request GET https://registry.npmjs.org/node-inspector
22 silly cache add parsed spec Result {
22 silly cache add   raw: '—save-dev',
22 silly cache add   scope: null,
22 silly cache add   name: null,
22 silly cache add   rawSpec: '—save-dev',
22 silly cache add   spec: '/Users/staunton/Dev/projects/LendStuff/Backend/—save-dev',
22 silly cache add   type: 'local' }
23 error addLocal Could not install /Users/staunton/Dev/projects/LendStuff/Backend/—save-dev
24 silly fetchPackageMetaData Error: ENOENT: no such file or directory, open '/Users/staunton/Dev/projects/LendStuff/Backend/—save-dev'
24 silly fetchPackageMetaData     at Error (native)
24 silly fetchPackageMetaData  error for —save-dev { [Error: ENOENT: no such file or directory, open '/Users/staunton/Dev/projects/LendStuff/Backend/—save-dev']
24 silly fetchPackageMetaData   errno: -2,
24 silly fetchPackageMetaData   code: 'ENOENT',
24 silly fetchPackageMetaData   syscall: 'open',
24 silly fetchPackageMetaData   path: '/Users/staunton/Dev/projects/LendStuff/Backend/—save-dev' }
25 http 400 https://registry.npmjs.org/node-inspector
26 verbose headers {}
27 silly get cb [ 400, {} ]
28 silly fetchPackageMetaData Error: 400 Bad Request
28 silly fetchPackageMetaData     at makeError (/usr/local/lib/node_modules/npm/node_modules/npm-registry-client/lib/request.js:264:12)
28 silly fetchPackageMetaData     at CachingRegistryClient.<anonymous> (/usr/local/lib/node_modules/npm/node_modules/npm-registry-client/lib/request.js:215:9)
28 silly fetchPackageMetaData     at Request._callback (/usr/local/lib/node_modules/npm/node_modules/npm-registry-client/lib/request.js:172:14)
28 silly fetchPackageMetaData     at Request.self.callback (/usr/local/lib/node_modules/npm/node_modules/request/request.js:198:22)
28 silly fetchPackageMetaData     at emitTwo (events.js:100:13)
28 silly fetchPackageMetaData     at Request.emit (events.js:185:7)
28 silly fetchPackageMetaData     at Request.<anonymous> (/usr/local/lib/node_modules/npm/node_modules/request/request.js:1035:10)
28 silly fetchPackageMetaData     at emitOne (events.js:95:20)
28 silly fetchPackageMetaData     at Request.emit (events.js:182:7)
28 silly fetchPackageMetaData     at IncomingMessage.<anonymous> (/usr/local/lib/node_modules/npm/node_modules/request/request.js:962:12)
28 silly fetchPackageMetaData  error for node-inspector { [Error: 400 Bad Request] statusCode: 400, code: 'E400' }
29 silly rollbackFailedOptional Starting
30 silly rollbackFailedOptional Finishing
31 silly runTopLevelLifecycles Starting
32 silly runTopLevelLifecycles Finishing
33 silly install printInstalled
34 verbose stack Error: ENOENT: no such file or directory, open '/Users/staunton/Dev/projects/LendStuff/Backend/—save-dev'
34 verbose stack     at Error (native)
35 verbose cwd /Users/staunton/Dev/projects/LendStuff/Backend
36 error Darwin 15.4.0
37 error argv "/usr/local/Cellar/node/5.5.0/bin/node" "/usr/local/bin/npm" "install" "node-inspector" "—save-dev"
38 error node v5.5.0
39 error npm  v3.5.3
40 error path /Users/staunton/Dev/projects/LendStuff/Backend/—save-dev
41 error code ENOENT
42 error errno -2
43 error syscall open
44 error enoent ENOENT: no such file or directory, open '/Users/staunton/Dev/projects/LendStuff/Backend/—save-dev'
45 error enoent ENOENT: no such file or directory, open '/Users/staunton/Dev/projects/LendStuff/Backend/—save-dev'
45 error enoent This is most likely not a problem with npm itself
45 error enoent and is related to npm not being able to find a file.
46 verbose exit [ -2, true ]
